<?xml version="1.0" encoding="UTF-8"?>
<!-- Generated by org.testng.reporters.JUnitXMLReporter -->
<testsuite ignored="0" hostname="DESKTOP-78G3IVU" failures="0" tests="18" name="Surefire test" time="34.083" errors="0" timestamp="2022-10-14T11:10:15 EDT">
  <testcase classname="com.resolver.qa.testcases.number1Test" name="emailFieldTest" time="0.062"/>
  <testcase classname="com.resolver.qa.testcases.number1Test" name="passwordFieldTest" time="0.036"/>
  <testcase classname="com.resolver.qa.testcases.number1Test" name="signInButtonTest" time="0.034"/>
  <testcase classname="com.resolver.qa.testcases.number1Test" name="enterCredentialsTest" time="0.225"/>
  <testcase classname="com.resolver.qa.testcases.number2Test" name="verifyNumberOfListItemTest" time="0.023"/>
  <testcase classname="com.resolver.qa.testcases.number2Test" name="verifySecondListBadgeValueTest" time="0.031"/>
  <testcase classname="com.resolver.qa.testcases.number2Test" name="verifySecondListItemValueTest" time="0.031"/>
  <testcase classname="com.resolver.qa.testcases.number3Test" name="scrolltoTest3Test" time="0.021"/>
  <testcase classname="com.resolver.qa.testcases.number3Test" name="verifyDropDownOptionTest" time="0.027"/>
  <testcase classname="com.resolver.qa.testcases.number3Test" name="selectOption3Test" time="0.101"/>
  <testcase classname="com.resolver.qa.testcases.number4Test" name="verifyButton1Test" time="0.024"/>
  <testcase classname="com.resolver.qa.testcases.number4Test" name="verifyButton2Test" time="0.024"/>
  <testcase classname="com.resolver.qa.testcases.number4Test" name="scrolltoTest4Test" time="0.019"/>
  <testcase classname="com.resolver.qa.testcases.number5Test" name="scrolltoTest5Test" time="0.017"/>
  <testcase classname="com.resolver.qa.testcases.number5Test" name="verifyButtonPresentTest" time="0.025"/>
  <testcase classname="com.resolver.qa.testcases.number5Test" name="verifySuccessMessageTest" time="7.009"/>
  <testcase classname="com.resolver.qa.testcases.number5Test" name="verifyButtonIsDisabledTest" time="0.016"/>
  <testcase classname="com.resolver.qa.testcases.number6Test" name="getCellValueTest" time="0.025"/>
</testsuite> <!-- Surefire test -->
