<?xml version="1.0" encoding="UTF-8"?>
<!-- Generated by org.testng.reporters.JUnitXMLReporter -->
<testsuite ignored="0" hostname="DESKTOP-78G3IVU" failures="0" tests="18" name="Free CRM App Test Cases" time="36.757" errors="0" timestamp="2022-10-14T14:13:34 EDT">
  <testcase classname="com.resolver.qa.testcases.Number1Test" name="emailFieldTest" time="0.068"/>
  <testcase classname="com.resolver.qa.testcases.Number1Test" name="passwordFieldTest" time="0.038"/>
  <testcase classname="com.resolver.qa.testcases.Number1Test" name="signInButtonTest" time="0.036"/>
  <testcase classname="com.resolver.qa.testcases.Number1Test" name="enterCredentialsTest" time="0.229"/>
  <testcase classname="com.resolver.qa.testcases.Number2Test" name="verifyNumberOfListItemTest" time="0.021"/>
  <testcase classname="com.resolver.qa.testcases.Number2Test" name="verifySecondListBadgeValueTest" time="0.029"/>
  <testcase classname="com.resolver.qa.testcases.Number2Test" name="verifySecondListItemValueTest" time="0.03"/>
  <testcase classname="com.resolver.qa.testcases.Number3Test" name="scrolltoTest3Test" time="0.024"/>
  <testcase classname="com.resolver.qa.testcases.Number3Test" name="verifyDropDownOptionTest" time="0.028"/>
  <testcase classname="com.resolver.qa.testcases.Number3Test" name="selectOption3Test" time="0.102"/>
  <testcase classname="com.resolver.qa.testcases.Number4Test" name="verifyButton1Test" time="0.025"/>
  <testcase classname="com.resolver.qa.testcases.Number4Test" name="verifyButton2Test" time="0.023"/>
  <testcase classname="com.resolver.qa.testcases.Number4Test" name="scrolltoTest4Test" time="0.02"/>
  <testcase classname="com.resolver.qa.testcases.Number5Test" name="scrolltoTest5Test" time="0.023"/>
  <testcase classname="com.resolver.qa.testcases.Number5Test" name="verifyButtonPresentTest" time="0.028"/>
  <testcase classname="com.resolver.qa.testcases.Number5Test" name="verifySuccessMessageTest" time="8.006"/>
  <testcase classname="com.resolver.qa.testcases.Number5Test" name="verifyButtonIsDisabledTest" time="0.014"/>
  <testcase classname="com.resolver.qa.testcases.Number6Test" name="getCellValueTest" time="0.031"/>
</testsuite> <!-- Free CRM App Test Cases -->
