<?xml version="1.0" encoding="UTF-8"?>
<testng-results ignored="0" total="18" passed="18" failed="0" skipped="0">
  <reporter-output>
  </reporter-output>
  <suite started-at="2022-10-14T11:09:40 EDT" name="Surefire suite" finished-at="2022-10-14T11:10:15 EDT" duration-ms="34083">
    <groups>
    </groups>
    <test started-at="2022-10-14T11:09:40 EDT" name="Surefire test" finished-at="2022-10-14T11:10:15 EDT" duration-ms="34083">
      <class name="com.resolver.qa.testcases.number1Test">
        <test-method is-config="true" signature="setUp()[pri:0, instance:com.resolver.qa.testcases.number1Test@2892dae4]" started-at="2022-10-14T11:09:41 EDT" name="setUp" finished-at="2022-10-14T11:09:43 EDT" duration-ms="2906" status="PASS">
          <reporter-output>
          </reporter-output>
        </test-method> <!-- setUp -->
        <test-method signature="emailFieldTest()[pri:1, instance:com.resolver.qa.testcases.number1Test@2892dae4]" started-at="2022-10-14T11:09:43 EDT" name="emailFieldTest" finished-at="2022-10-14T11:09:43 EDT" duration-ms="62" status="PASS">
          <reporter-output>
          </reporter-output>
        </test-method> <!-- emailFieldTest -->
        <test-method is-config="true" signature="tearDown()[pri:0, instance:com.resolver.qa.testcases.number1Test@2892dae4]" started-at="2022-10-14T11:09:43 EDT" name="tearDown" finished-at="2022-10-14T11:09:44 EDT" duration-ms="635" status="PASS">
          <reporter-output>
          </reporter-output>
        </test-method> <!-- tearDown -->
        <test-method is-config="true" signature="setUp()[pri:0, instance:com.resolver.qa.testcases.number1Test@2892dae4]" started-at="2022-10-14T11:09:44 EDT" name="setUp" finished-at="2022-10-14T11:09:46 EDT" duration-ms="1625" status="PASS">
          <reporter-output>
          </reporter-output>
        </test-method> <!-- setUp -->
        <test-method signature="passwordFieldTest()[pri:2, instance:com.resolver.qa.testcases.number1Test@2892dae4]" started-at="2022-10-14T11:09:46 EDT" name="passwordFieldTest" finished-at="2022-10-14T11:09:46 EDT" duration-ms="36" status="PASS">
          <reporter-output>
          </reporter-output>
        </test-method> <!-- passwordFieldTest -->
        <test-method is-config="true" signature="tearDown()[pri:0, instance:com.resolver.qa.testcases.number1Test@2892dae4]" started-at="2022-10-14T11:09:46 EDT" name="tearDown" finished-at="2022-10-14T11:09:46 EDT" duration-ms="645" status="PASS">
          <reporter-output>
          </reporter-output>
        </test-method> <!-- tearDown -->
        <test-method is-config="true" signature="setUp()[pri:0, instance:com.resolver.qa.testcases.number1Test@2892dae4]" started-at="2022-10-14T11:09:46 EDT" name="setUp" finished-at="2022-10-14T11:09:48 EDT" duration-ms="1705" status="PASS">
          <reporter-output>
          </reporter-output>
        </test-method> <!-- setUp -->
        <test-method signature="signInButtonTest()[pri:3, instance:com.resolver.qa.testcases.number1Test@2892dae4]" started-at="2022-10-14T11:09:48 EDT" name="signInButtonTest" finished-at="2022-10-14T11:09:48 EDT" duration-ms="34" status="PASS">
          <reporter-output>
          </reporter-output>
        </test-method> <!-- signInButtonTest -->
        <test-method is-config="true" signature="tearDown()[pri:0, instance:com.resolver.qa.testcases.number1Test@2892dae4]" started-at="2022-10-14T11:09:48 EDT" name="tearDown" finished-at="2022-10-14T11:09:49 EDT" duration-ms="656" status="PASS">
          <reporter-output>
          </reporter-output>
        </test-method> <!-- tearDown -->
        <test-method is-config="true" signature="setUp()[pri:0, instance:com.resolver.qa.testcases.number1Test@2892dae4]" started-at="2022-10-14T11:09:49 EDT" name="setUp" finished-at="2022-10-14T11:09:50 EDT" duration-ms="1643" status="PASS">
          <reporter-output>
          </reporter-output>
        </test-method> <!-- setUp -->
        <test-method signature="enterCredentialsTest()[pri:4, instance:com.resolver.qa.testcases.number1Test@2892dae4]" started-at="2022-10-14T11:09:50 EDT" name="enterCredentialsTest" finished-at="2022-10-14T11:09:51 EDT" duration-ms="225" status="PASS">
          <reporter-output>
          </reporter-output>
        </test-method> <!-- enterCredentialsTest -->
        <test-method is-config="true" signature="tearDown()[pri:0, instance:com.resolver.qa.testcases.number1Test@2892dae4]" started-at="2022-10-14T11:09:51 EDT" name="tearDown" finished-at="2022-10-14T11:09:51 EDT" duration-ms="631" status="PASS">
          <reporter-output>
          </reporter-output>
        </test-method> <!-- tearDown -->
      </class> <!-- com.resolver.qa.testcases.number1Test -->
      <class name="com.resolver.qa.testcases.number2Test">
        <test-method is-config="true" signature="setUp()[pri:0, instance:com.resolver.qa.testcases.number2Test@6bedbc4d]" started-at="2022-10-14T11:09:51 EDT" name="setUp" finished-at="2022-10-14T11:09:53 EDT" duration-ms="1651" status="PASS">
          <reporter-output>
          </reporter-output>
        </test-method> <!-- setUp -->
        <test-method signature="verifyNumberOfListItemTest()[pri:0, instance:com.resolver.qa.testcases.number2Test@6bedbc4d]" started-at="2022-10-14T11:09:53 EDT" name="verifyNumberOfListItemTest" finished-at="2022-10-14T11:09:53 EDT" duration-ms="23" status="PASS">
          <reporter-output>
          </reporter-output>
        </test-method> <!-- verifyNumberOfListItemTest -->
        <test-method is-config="true" signature="tearDown()[pri:0, instance:com.resolver.qa.testcases.number2Test@6bedbc4d]" started-at="2022-10-14T11:09:53 EDT" name="tearDown" finished-at="2022-10-14T11:09:54 EDT" duration-ms="623" status="PASS">
          <reporter-output>
          </reporter-output>
        </test-method> <!-- tearDown -->
        <test-method is-config="true" signature="setUp()[pri:0, instance:com.resolver.qa.testcases.number2Test@6bedbc4d]" started-at="2022-10-14T11:09:54 EDT" name="setUp" finished-at="2022-10-14T11:09:55 EDT" duration-ms="1613" status="PASS">
          <reporter-output>
          </reporter-output>
        </test-method> <!-- setUp -->
        <test-method signature="verifySecondListBadgeValueTest()[pri:0, instance:com.resolver.qa.testcases.number2Test@6bedbc4d]" started-at="2022-10-14T11:09:55 EDT" name="verifySecondListBadgeValueTest" finished-at="2022-10-14T11:09:55 EDT" duration-ms="31" status="PASS">
          <reporter-output>
          </reporter-output>
        </test-method> <!-- verifySecondListBadgeValueTest -->
        <test-method is-config="true" signature="tearDown()[pri:0, instance:com.resolver.qa.testcases.number2Test@6bedbc4d]" started-at="2022-10-14T11:09:55 EDT" name="tearDown" finished-at="2022-10-14T11:09:56 EDT" duration-ms="634" status="PASS">
          <reporter-output>
          </reporter-output>
        </test-method> <!-- tearDown -->
        <test-method is-config="true" signature="setUp()[pri:0, instance:com.resolver.qa.testcases.number2Test@6bedbc4d]" started-at="2022-10-14T11:09:56 EDT" name="setUp" finished-at="2022-10-14T11:09:58 EDT" duration-ms="1662" status="PASS">
          <reporter-output>
          </reporter-output>
        </test-method> <!-- setUp -->
        <test-method signature="verifySecondListItemValueTest()[pri:0, instance:com.resolver.qa.testcases.number2Test@6bedbc4d]" started-at="2022-10-14T11:09:58 EDT" name="verifySecondListItemValueTest" finished-at="2022-10-14T11:09:58 EDT" duration-ms="31" status="PASS">
          <reporter-output>
          </reporter-output>
        </test-method> <!-- verifySecondListItemValueTest -->
        <test-method is-config="true" signature="tearDown()[pri:0, instance:com.resolver.qa.testcases.number2Test@6bedbc4d]" started-at="2022-10-14T11:09:58 EDT" name="tearDown" finished-at="2022-10-14T11:09:58 EDT" duration-ms="624" status="PASS">
          <reporter-output>
          </reporter-output>
        </test-method> <!-- tearDown -->
      </class> <!-- com.resolver.qa.testcases.number2Test -->
      <class name="com.resolver.qa.testcases.number4Test">
        <test-method is-config="true" signature="setUp()[pri:0, instance:com.resolver.qa.testcases.number4Test@d29f28]" started-at="2022-10-14T11:10:01 EDT" name="setUp" finished-at="2022-10-14T11:10:02 EDT" duration-ms="1647" status="PASS">
          <reporter-output>
          </reporter-output>
        </test-method> <!-- setUp -->
        <test-method signature="verifyButton1Test()[pri:0, instance:com.resolver.qa.testcases.number4Test@d29f28]" started-at="2022-10-14T11:10:02 EDT" name="verifyButton1Test" finished-at="2022-10-14T11:10:02 EDT" duration-ms="24" status="PASS">
          <reporter-output>
          </reporter-output>
        </test-method> <!-- verifyButton1Test -->
        <test-method signature="verifyButton2Test()[pri:0, instance:com.resolver.qa.testcases.number4Test@d29f28]" started-at="2022-10-14T11:10:02 EDT" name="verifyButton2Test" finished-at="2022-10-14T11:10:02 EDT" duration-ms="24" status="PASS">
          <reporter-output>
          </reporter-output>
        </test-method> <!-- verifyButton2Test -->
        <test-method signature="scrolltoTest4Test()[pri:1, instance:com.resolver.qa.testcases.number4Test@d29f28]" started-at="2022-10-14T11:10:02 EDT" name="scrolltoTest4Test" finished-at="2022-10-14T11:10:02 EDT" duration-ms="19" status="PASS">
          <reporter-output>
          </reporter-output>
        </test-method> <!-- scrolltoTest4Test -->
        <test-method is-config="true" signature="tearDown()[pri:0, instance:com.resolver.qa.testcases.number4Test@d29f28]" started-at="2022-10-14T11:10:02 EDT" name="tearDown" finished-at="2022-10-14T11:10:03 EDT" duration-ms="622" status="PASS">
          <reporter-output>
          </reporter-output>
        </test-method> <!-- tearDown -->
      </class> <!-- com.resolver.qa.testcases.number4Test -->
      <class name="com.resolver.qa.testcases.number3Test">
        <test-method is-config="true" signature="setUp()[pri:0, instance:com.resolver.qa.testcases.number3Test@932bc4a]" started-at="2022-10-14T11:09:58 EDT" name="setUp" finished-at="2022-10-14T11:10:00 EDT" duration-ms="1491" status="PASS">
          <reporter-output>
          </reporter-output>
        </test-method> <!-- setUp -->
        <test-method signature="scrolltoTest3Test()[pri:1, instance:com.resolver.qa.testcases.number3Test@932bc4a]" started-at="2022-10-14T11:10:00 EDT" name="scrolltoTest3Test" finished-at="2022-10-14T11:10:00 EDT" duration-ms="21" status="PASS">
          <reporter-output>
          </reporter-output>
        </test-method> <!-- scrolltoTest3Test -->
        <test-method signature="verifyDropDownOptionTest()[pri:2, instance:com.resolver.qa.testcases.number3Test@932bc4a]" started-at="2022-10-14T11:10:00 EDT" name="verifyDropDownOptionTest" finished-at="2022-10-14T11:10:00 EDT" duration-ms="27" status="PASS">
          <reporter-output>
          </reporter-output>
        </test-method> <!-- verifyDropDownOptionTest -->
        <test-method signature="selectOption3Test()[pri:3, instance:com.resolver.qa.testcases.number3Test@932bc4a]" started-at="2022-10-14T11:10:00 EDT" name="selectOption3Test" finished-at="2022-10-14T11:10:00 EDT" duration-ms="101" status="PASS">
          <reporter-output>
          </reporter-output>
        </test-method> <!-- selectOption3Test -->
        <test-method is-config="true" signature="tearDown()[pri:0, instance:com.resolver.qa.testcases.number3Test@932bc4a]" started-at="2022-10-14T11:10:00 EDT" name="tearDown" finished-at="2022-10-14T11:10:01 EDT" duration-ms="622" status="PASS">
          <reporter-output>
          </reporter-output>
        </test-method> <!-- tearDown -->
      </class> <!-- com.resolver.qa.testcases.number3Test -->
      <class name="com.resolver.qa.testcases.number5Test">
        <test-method is-config="true" signature="setUp()[pri:0, instance:com.resolver.qa.testcases.number5Test@2fd1433e]" started-at="2022-10-14T11:10:03 EDT" name="setUp" finished-at="2022-10-14T11:10:05 EDT" duration-ms="1661" status="PASS">
          <reporter-output>
          </reporter-output>
        </test-method> <!-- setUp -->
        <test-method signature="scrolltoTest5Test()[pri:1, instance:com.resolver.qa.testcases.number5Test@2fd1433e]" started-at="2022-10-14T11:10:05 EDT" name="scrolltoTest5Test" finished-at="2022-10-14T11:10:05 EDT" duration-ms="17" status="PASS">
          <reporter-output>
          </reporter-output>
        </test-method> <!-- scrolltoTest5Test -->
        <test-method signature="verifyButtonPresentTest()[pri:2, instance:com.resolver.qa.testcases.number5Test@2fd1433e]" started-at="2022-10-14T11:10:05 EDT" name="verifyButtonPresentTest" finished-at="2022-10-14T11:10:05 EDT" duration-ms="25" status="PASS">
          <reporter-output>
          </reporter-output>
        </test-method> <!-- verifyButtonPresentTest -->
        <test-method signature="verifySuccessMessageTest()[pri:3, instance:com.resolver.qa.testcases.number5Test@2fd1433e]" started-at="2022-10-14T11:10:05 EDT" name="verifySuccessMessageTest" finished-at="2022-10-14T11:10:12 EDT" duration-ms="7009" status="PASS">
          <reporter-output>
          </reporter-output>
        </test-method> <!-- verifySuccessMessageTest -->
        <test-method signature="verifyButtonIsDisabledTest()[pri:4, instance:com.resolver.qa.testcases.number5Test@2fd1433e]" started-at="2022-10-14T11:10:12 EDT" name="verifyButtonIsDisabledTest" finished-at="2022-10-14T11:10:12 EDT" duration-ms="16" status="PASS">
          <reporter-output>
          </reporter-output>
        </test-method> <!-- verifyButtonIsDisabledTest -->
        <test-method is-config="true" signature="tearDown()[pri:0, instance:com.resolver.qa.testcases.number5Test@2fd1433e]" started-at="2022-10-14T11:10:12 EDT" name="tearDown" finished-at="2022-10-14T11:10:12 EDT" duration-ms="653" status="PASS">
          <reporter-output>
          </reporter-output>
        </test-method> <!-- tearDown -->
      </class> <!-- com.resolver.qa.testcases.number5Test -->
      <class name="com.resolver.qa.testcases.number6Test">
        <test-method is-config="true" signature="setUp()[pri:0, instance:com.resolver.qa.testcases.number6Test@29d89d5d]" started-at="2022-10-14T11:10:12 EDT" name="setUp" finished-at="2022-10-14T11:10:14 EDT" duration-ms="1668" status="PASS">
          <reporter-output>
          </reporter-output>
        </test-method> <!-- setUp -->
        <test-method signature="getCellValueTest()[pri:0, instance:com.resolver.qa.testcases.number6Test@29d89d5d]" started-at="2022-10-14T11:10:14 EDT" name="getCellValueTest" finished-at="2022-10-14T11:10:14 EDT" duration-ms="25" status="PASS">
          <reporter-output>
          </reporter-output>
        </test-method> <!-- getCellValueTest -->
        <test-method is-config="true" signature="tearDown()[pri:0, instance:com.resolver.qa.testcases.number6Test@29d89d5d]" started-at="2022-10-14T11:10:14 EDT" name="tearDown" finished-at="2022-10-14T11:10:15 EDT" duration-ms="633" status="PASS">
          <reporter-output>
          </reporter-output>
        </test-method> <!-- tearDown -->
      </class> <!-- com.resolver.qa.testcases.number6Test -->
    </test> <!-- Surefire test -->
  </suite> <!-- Surefire suite -->
</testng-results>
